<?xml version="1.0" encoding="UTF-8"?>
<!-- Generated by org.testng.reporters.JUnitReportReporter -->
<testsuite hostname="DESKTOP-BBHQ9GM" failures="0" tests="10" name="AutomationFinalProject.AutomationFinalProject.AppTest" time="63.255" errors="0" timestamp="2025-05-08T23:49:40 EET" skipped="7">
  <testcase classname="AutomationFinalProject.AutomationFinalProject.AppTest" name="ChandeTheWebsiteLanguage" time="3.314"/>
  <testcase classname="AutomationFinalProject.AutomationFinalProject.AppTest" name="RandomlySelectCity" time="49.903"/>
  <testcase classname="AutomationFinalProject.AutomationFinalProject.AppTest" name="CheckTheResultsIsretretrived" time="10.038"/>
  <testcase classname="AutomationFinalProject.AutomationFinalProject.AppTest" name="CheckCurrency">
    <skipped/>
  </testcase> <!-- CheckCurrency -->
  <testcase classname="AutomationFinalProject.AutomationFinalProject.AppTest" name="FlightDepatureDate">
    <skipped/>
  </testcase> <!-- FlightDepatureDate -->
  <testcase classname="AutomationFinalProject.AutomationFinalProject.AppTest" name="CheckContactNumber">
    <skipped/>
  </testcase> <!-- CheckContactNumber -->
  <testcase classname="AutomationFinalProject.AutomationFinalProject.AppTest" name="CheckHotelTabIsNotSelected">
    <skipped/>
  </testcase> <!-- CheckHotelTabIsNotSelected -->
  <testcase classname="AutomationFinalProject.AutomationFinalProject.AppTest" name="CheckWebSiteLanguage">
    <skipped/>
  </testcase> <!-- CheckWebSiteLanguage -->
  <testcase classname="AutomationFinalProject.AutomationFinalProject.AppTest" name="CheckQitafLogo">
    <skipped/>
  </testcase> <!-- CheckQitafLogo -->
  <testcase classname="AutomationFinalProject.AutomationFinalProject.AppTest" name="FlightReturnDate">
    <skipped/>
  </testcase> <!-- FlightReturnDate -->
</testsuite> <!-- AutomationFinalProject.AutomationFinalProject.AppTest -->
